<?xml version="1.0" encoding="UTF-8"?>
<testsuite xmlns:xsi="http://www.w3.org/2001/XMLSchema-instance" xsi:noNamespaceSchemaLocation="https://maven.apache.org/surefire/maven-failsafe-plugin/xsd/failsafe-test-report-3.0.xsd" version="3.0" name="com.Inter.AdminRecogidas.Runner.RunnerAdmin" time="738.217" tests="4" errors="0" skipped="0" failures="0">
  <properties>
[...]
</properties>
  <testcase name="Crear preenvio de contado" classname="Usuario crea prenvios diferentes modos de pago" time="226.461">
    <system-out><![CDATA[
@Formulario_Prenvios @PruebasAfectacion @PruebasRegresion
Scenario: Crear preenvio de contado               &amp#27;[90m# src/test/resources/features/DiferentesPreenvios.feature:5&amp#27;[0m
Ingrasando Datos Personales
  &amp#27;[32mGiven &amp#27;[0m&amp#27;[32mUsuario frecuente ingresa a tus recogidas&amp#27;[0m &amp#27;[90m# com.Inter.AdminRecogidas.definitions.AdminformularioDefinitions.IngresoRecogidas()&amp#27;[0m
Ingresando Datos Recogida
Numero de Recogida: 327188
  &amp#27;[32mWhen &amp#27;[0m&amp#27;[32mIngreso datos de preenvio de contado&amp#27;[0m       &amp#27;[90m# com.Inter.AdminRecogidas.definitions.AdminformularioDefinitions.PreenvioContado()&amp#27;[0m
Numero de preenvio: 750000020264
Se creo la Data
Cliente con Numero de Cedula: 1024567308 crea un preenvio exitosamente
  &amp#27;[32mThen &amp#27;[0m&amp#27;[32mEl preenvio se crea exitosamente&amp#27;[0m           &amp#27;[90m# com.Inter.AdminRecogidas.definitions.AdminformularioDefinitions.FormularioPreenvio()&amp#27;[0m
]]></system-out>
    <system-err><![CDATA[[main] INFO io.cucumber.core.plugin.SerenityReporter - Running feature from file:///C:/Users/esneyderfromero/Desktop/Proyectos%20de%20automatizacion/Admin%20Recogidas/src/test/resources/features/Archivos_CVS.feature
[main] WARN io.cucumber.core.plugin.SerenityReporter - Feature from file:///C:/Users/esneyderfromero/Desktop/Proyectos%20de%20automatizacion/Admin%20Recogidas/src/test/resources/features/Archivos_CVS.feature is not under the 'features' directory. Requirements report will not be correctly generated!
[main] INFO  - 

-------------------------------------------------------------------------------------
     _______. _______ .______       _______ .__   __.  __  .___________.____    ____ 
    /       ||   ____||   _  \     |   ____||  \ |  | |  | |           |\   \  /   / 
   |   (----`|  |__   |  |_)  |    |  |__   |   \|  | |  | `---|  |----` \   \/   /  
    \   \    |   __|  |      /     |   __|  |  . `  | |  |     |  |       \_    _/   
.----)   |   |  |____ |  |\  \----.|  |____ |  |\   | |  |     |  |         |  |     
|_______/    |_______|| _| `._____||_______||__| \__| |__|     |__|         |__|    
                                                                                     
 News and tutorials at http://www.serenity-bdd.info                                  
 Documentation at https://wakaleo.gitbooks.io/the-serenity-book/content/             
 Join the Serenity Community on Gitter: https://gitter.im/serenity-bdd/serenity-core 
 Serenity BDD Support and Training at http://serenity-bdd.info/#/trainingandsupport  
-------------------------------------------------------------------------------------

[main] INFO  - Test Suite Started: Crear Recogidas + Crear preenvio archivos CVS
[main] INFO io.cucumber.core.plugin.SerenityReporter - Running feature from file:///C:/Users/esneyderfromero/Desktop/Proyectos%20de%20automatizacion/Admin%20Recogidas/src/test/resources/features/CrearRecogidas+Preenvios.feature
[main] WARN io.cucumber.core.plugin.SerenityReporter - Feature from file:///C:/Users/esneyderfromero/Desktop/Proyectos%20de%20automatizacion/Admin%20Recogidas/src/test/resources/features/CrearRecogidas+Preenvios.feature is not under the 'features' directory. Requirements report will not be correctly generated!
[main] INFO  - Test Suite Started: Usuarios crea nueva recogidas y preenvios
[main] INFO io.cucumber.core.plugin.SerenityReporter - Running feature from file:///C:/Users/esneyderfromero/Desktop/Proyectos%20de%20automatizacion/Admin%20Recogidas/src/test/resources/features/DiferentesPreenvios.feature
[main] WARN io.cucumber.core.plugin.SerenityReporter - Feature from file:///C:/Users/esneyderfromero/Desktop/Proyectos%20de%20automatizacion/Admin%20Recogidas/src/test/resources/features/DiferentesPreenvios.feature is not under the 'features' directory. Requirements report will not be correctly generated!
[main] INFO  - Test Suite Started: Usuario crea prenvios diferentes modos de pago
[main] INFO io.cucumber.core.plugin.SerenityReporter - Running feature from file:///C:/Users/esneyderfromero/Desktop/Proyectos%20de%20automatizacion/Admin%20Recogidas/src/test/resources/features/EditarRecogida.feature
[main] WARN io.cucumber.core.plugin.SerenityReporter - Feature from file:///C:/Users/esneyderfromero/Desktop/Proyectos%20de%20automatizacion/Admin%20Recogidas/src/test/resources/features/EditarRecogida.feature is not under the 'features' directory. Requirements report will not be correctly generated!
[main] INFO  - Test Suite Started: Usuarios edita recogida
[main] INFO io.cucumber.core.plugin.SerenityReporter - Running feature from file:///C:/Users/esneyderfromero/Desktop/Proyectos%20de%20automatizacion/Admin%20Recogidas/src/test/resources/features/FuncionalidadesBasicas.feature
[main] WARN io.cucumber.core.plugin.SerenityReporter - Feature from file:///C:/Users/esneyderfromero/Desktop/Proyectos%20de%20automatizacion/Admin%20Recogidas/src/test/resources/features/FuncionalidadesBasicas.feature is not under the 'features' directory. Requirements report will not be correctly generated!
[main] INFO  - Test Suite Started: Usuario mapea funciones basicas
[main] INFO io.cucumber.core.plugin.SerenityReporter - Running feature from file:///C:/Users/esneyderfromero/Desktop/Proyectos%20de%20automatizacion/Admin%20Recogidas/src/test/resources/features/DiferentesPreenvios.feature
[main] WARN io.cucumber.core.plugin.SerenityReporter - Feature from file:///C:/Users/esneyderfromero/Desktop/Proyectos%20de%20automatizacion/Admin%20Recogidas/src/test/resources/features/DiferentesPreenvios.feature is not under the 'features' directory. Requirements report will not be correctly generated!
[main] INFO  - 
  _____   ___   ___   _____     ___   _____     _     ___   _____   ___   ___  
 |_   _| | __| / __| |_   _|   / __| |_   _|   /_\   | _ \ |_   _| | __| |   \ 
   | |   | _|  \__ \   | |     \__ \   | |    / _ \  |   /   | |   | _|  | |) |
   |_|   |___| |___/   |_|     |___/   |_|   /_/ \_\ |_|_\   |_|   |___| |___/ 

Crear preenvio de contado(usuario-crea-prenvios-diferentes-modos-de-pago;crear-preenvio-de-contado)
--------------------------------------------------------------------------------
[main] INFO net.serenitybdd.core.webdriver.driverproviders.ChromeDriverProvider - Using automatically driver download
[main] INFO io.github.bonigarcia.wdm.WebDriverManager - Using chromedriver 107.0.5304.62 (resolved driver for Chrome 107)
[main] INFO io.github.bonigarcia.wdm.WebDriverManager - Exporting webdriver.chrome.driver as C:\Users\esneyderfromero\.cache\selenium\chromedriver\win32\107.0.5304.62\chromedriver.exe
[main] INFO net.serenitybdd.core.webdriver.driverproviders.ProvideNewDriver - Instantiating driver
[main] INFO net.serenitybdd.core.webdriver.driverproviders.ProvideNewDriver - Driver capabilities: Capabilities {Url: https://recogidasencasadesa..., acceptInsecureCerts: false, base.url: , browserName: chrome, chrome.driver: src/test/resources/driver/c..., driver: chrome, firefox.driver: src/test/resources/driver/g..., goog:chromeOptions: {args: [--start-maximized], extensions: []}, ie.driver: src/test/resources/driver/I..., loggingPrefs: org.openqa.selenium.logging..., timeouts.implicitlywait: 30000}
Starting ChromeDriver 107.0.5304.62 (1eec40d3a5764881c92085aaee66d25075c159aa-refs/branch-heads/5304@{#942}) on port 42666
Only local connections are allowed.
Please see https://chromedriver.chromium.org/security-considerations for suggestions on keeping ChromeDriver safe.
ChromeDriver was started successfully.
nov 24, 2022 12:58:16 AM org.openqa.selenium.remote.ProtocolHandshake createSession
INFORMACIÓN: Detected dialect: W3C
[main] INFO  - 
  _____   ___   ___   _____     ___     _     ___   ___   ___   ___  
 |_   _| | __| / __| |_   _|   | _ \   /_\   / __| / __| | __| |   \ 
   | |   | _|  \__ \   | |     |  _/  / _ \  \__ \ \__ \ | _|  | |) |
   |_|   |___| |___/   |_|     |_|   /_/ \_\ |___/ |___/ |___| |___/ 

Crear preenvio de contado
----------------------------------------------------------------------
]]></system-err>
  </testcase>
  <testcase name="Crear preenvio pago en casa" classname="Usuario crea prenvios diferentes modos de pago" time="172.561">
    <system-out><![CDATA[
@Formulario_Prenvios @PruebasAfectacion @PruebasRegresion
Scenario: Crear preenvio pago en casa             &amp#27;[90m# src/test/resources/features/DiferentesPreenvios.feature:11&amp#27;[0m
Ingrasando Datos Personales
  &amp#27;[32mGiven &amp#27;[0m&amp#27;[32mUsuario frecuente ingresa a tus recogidas&amp#27;[0m &amp#27;[90m# com.Inter.AdminRecogidas.definitions.AdminformularioDefinitions.IngresoRecogidas()&amp#27;[0m
  &amp#27;[32mWhen &amp#27;[0m&amp#27;[32mIngreso datos de preenvio pago en casa&amp#27;[0m     &amp#27;[90m# com.Inter.AdminRecogidas.definitions.AdminformularioDefinitions.PreenvioPagoCasa()&amp#27;[0m
Numero de preenvio: 750000020265
Se creo la Data
Cliente con Numero de Cedula: 1024567308 crea un preenvio exitosamente
  &amp#27;[32mThen &amp#27;[0m&amp#27;[32mEl preenvio se crea exitosamente&amp#27;[0m           &amp#27;[90m# com.Inter.AdminRecogidas.definitions.AdminformularioDefinitions.FormularioPreenvio()&amp#27;[0m
]]></system-out>
    <system-err><![CDATA[[main] INFO io.cucumber.core.plugin.SerenityReporter - Running feature from file:///C:/Users/esneyderfromero/Desktop/Proyectos%20de%20automatizacion/Admin%20Recogidas/src/test/resources/features/DiferentesPreenvios.feature
[main] WARN io.cucumber.core.plugin.SerenityReporter - Feature from file:///C:/Users/esneyderfromero/Desktop/Proyectos%20de%20automatizacion/Admin%20Recogidas/src/test/resources/features/DiferentesPreenvios.feature is not under the 'features' directory. Requirements report will not be correctly generated!
[main] INFO  - 
  _____   ___   ___   _____     ___   _____     _     ___   _____   ___   ___  
 |_   _| | __| / __| |_   _|   / __| |_   _|   /_\   | _ \ |_   _| | __| |   \ 
   | |   | _|  \__ \   | |     \__ \   | |    / _ \  |   /   | |   | _|  | |) |
   |_|   |___| |___/   |_|     |___/   |_|   /_/ \_\ |_|_\   |_|   |___| |___/ 

Crear preenvio pago en casa(usuario-crea-prenvios-diferentes-modos-de-pago;crear-preenvio-pago-en-casa)
--------------------------------------------------------------------------------
[main] INFO net.serenitybdd.core.webdriver.driverproviders.ChromeDriverProvider - Using automatically driver download
[main] INFO io.github.bonigarcia.wdm.WebDriverManager - Using chromedriver 107.0.5304.62 (resolved driver for Chrome 107)
[main] INFO io.github.bonigarcia.wdm.WebDriverManager - Exporting webdriver.chrome.driver as C:\Users\esneyderfromero\.cache\selenium\chromedriver\win32\107.0.5304.62\chromedriver.exe
[main] INFO net.serenitybdd.core.webdriver.driverproviders.ProvideNewDriver - Instantiating driver
[main] INFO net.serenitybdd.core.webdriver.driverproviders.ProvideNewDriver - Driver capabilities: Capabilities {Url: https://recogidasencasadesa..., acceptInsecureCerts: false, base.url: , browserName: chrome, chrome.driver: src/test/resources/driver/c..., driver: chrome, firefox.driver: src/test/resources/driver/g..., goog:chromeOptions: {args: [--start-maximized], extensions: []}, ie.driver: src/test/resources/driver/I..., loggingPrefs: org.openqa.selenium.logging..., timeouts.implicitlywait: 30000}
Starting ChromeDriver 107.0.5304.62 (1eec40d3a5764881c92085aaee66d25075c159aa-refs/branch-heads/5304@{#942}) on port 34529
Only local connections are allowed.
Please see https://chromedriver.chromium.org/security-considerations for suggestions on keeping ChromeDriver safe.
ChromeDriver was started successfully.
nov 24, 2022 1:02:01 AM org.openqa.selenium.remote.ProtocolHandshake createSession
INFORMACIÓN: Detected dialect: W3C
[main] INFO  - 
  _____   ___   ___   _____     ___     _     ___   ___   ___   ___  
 |_   _| | __| / __| |_   _|   | _ \   /_\   / __| / __| | __| |   \ 
   | |   | _|  \__ \   | |     |  _/  / _ \  \__ \ \__ \ | _|  | |) |
   |_|   |___| |___/   |_|     |_|   /_/ \_\ |___/ |___/ |___| |___/ 

Crear preenvio pago en casa
----------------------------------------------------------------------
]]></system-err>
  </testcase>
  <testcase name="Crear preenvio al cobro" classname="Usuario crea prenvios diferentes modos de pago" time="166.674">
    <system-out><![CDATA[
@Formulario_Prenvios @PruebasAfectacion @PruebasRegresion
Scenario: Crear preenvio al cobro                 &amp#27;[90m# src/test/resources/features/DiferentesPreenvios.feature:17&amp#27;[0m
Ingrasando Datos Personales
  &amp#27;[32mGiven &amp#27;[0m&amp#27;[32mUsuario frecuente ingresa a tus recogidas&amp#27;[0m &amp#27;[90m# com.Inter.AdminRecogidas.definitions.AdminformularioDefinitions.IngresoRecogidas()&amp#27;[0m
  &amp#27;[32mWhen &amp#27;[0m&amp#27;[32mIngreso datos de preenvio al cobro&amp#27;[0m         &amp#27;[90m# com.Inter.AdminRecogidas.definitions.AdminformularioDefinitions.PreenvioCobro()&amp#27;[0m
Numero de preenvio: 750000020266
Se creo la Data
Cliente con Numero de Cedula: 1024567308 crea un preenvio exitosamente
  &amp#27;[32mThen &amp#27;[0m&amp#27;[32mEl preenvio se crea exitosamente&amp#27;[0m           &amp#27;[90m# com.Inter.AdminRecogidas.definitions.AdminformularioDefinitions.FormularioPreenvio()&amp#27;[0m
]]></system-out>
    <system-err><![CDATA[[main] INFO io.cucumber.core.plugin.SerenityReporter - Running feature from file:///C:/Users/esneyderfromero/Desktop/Proyectos%20de%20automatizacion/Admin%20Recogidas/src/test/resources/features/DiferentesPreenvios.feature
[main] WARN io.cucumber.core.plugin.SerenityReporter - Feature from file:///C:/Users/esneyderfromero/Desktop/Proyectos%20de%20automatizacion/Admin%20Recogidas/src/test/resources/features/DiferentesPreenvios.feature is not under the 'features' directory. Requirements report will not be correctly generated!
[main] INFO  - 
  _____   ___   ___   _____     ___   _____     _     ___   _____   ___   ___  
 |_   _| | __| / __| |_   _|   / __| |_   _|   /_\   | _ \ |_   _| | __| |   \ 
   | |   | _|  \__ \   | |     \__ \   | |    / _ \  |   /   | |   | _|  | |) |
   |_|   |___| |___/   |_|     |___/   |_|   /_/ \_\ |_|_\   |_|   |___| |___/ 

Crear preenvio al cobro(usuario-crea-prenvios-diferentes-modos-de-pago;crear-preenvio-al-cobro)
--------------------------------------------------------------------------------
[main] INFO net.serenitybdd.core.webdriver.driverproviders.ChromeDriverProvider - Using automatically driver download
[main] INFO io.github.bonigarcia.wdm.WebDriverManager - Using chromedriver 107.0.5304.62 (resolved driver for Chrome 107)
[main] INFO io.github.bonigarcia.wdm.WebDriverManager - Exporting webdriver.chrome.driver as C:\Users\esneyderfromero\.cache\selenium\chromedriver\win32\107.0.5304.62\chromedriver.exe
[main] INFO net.serenitybdd.core.webdriver.driverproviders.ProvideNewDriver - Instantiating driver
[main] INFO net.serenitybdd.core.webdriver.driverproviders.ProvideNewDriver - Driver capabilities: Capabilities {Url: https://recogidasencasadesa..., acceptInsecureCerts: false, base.url: , browserName: chrome, chrome.driver: src/test/resources/driver/c..., driver: chrome, firefox.driver: src/test/resources/driver/g..., goog:chromeOptions: {args: [--start-maximized], extensions: []}, ie.driver: src/test/resources/driver/I..., loggingPrefs: org.openqa.selenium.logging..., timeouts.implicitlywait: 30000}
Starting ChromeDriver 107.0.5304.62 (1eec40d3a5764881c92085aaee66d25075c159aa-refs/branch-heads/5304@{#942}) on port 27940
Only local connections are allowed.
Please see https://chromedriver.chromium.org/security-considerations for suggestions on keeping ChromeDriver safe.
ChromeDriver was started successfully.
nov 24, 2022 1:04:54 AM org.openqa.selenium.remote.ProtocolHandshake createSession
INFORMACIÓN: Detected dialect: W3C
[main] INFO  - 
  _____   ___   ___   _____     ___     _     ___   ___   ___   ___  
 |_   _| | __| / __| |_   _|   | _ \   /_\   / __| / __| | __| |   \ 
   | |   | _|  \__ \   | |     |  _/  / _ \  \__ \ \__ \ | _|  | |) |
   |_|   |___| |___/   |_|     |_|   /_/ \_\ |___/ |___/ |___| |___/ 

Crear preenvio al cobro
----------------------------------------------------------------------
]]></system-err>
  </testcase>
  <testcase name="Crear preenvio con convenio" classname="Usuario crea prenvios diferentes modos de pago" time="170.694">
    <system-out><![CDATA[
@Formulario_Prenvios @PruebasAfectacion @PruebasRegresion
Scenario: Crear preenvio con convenio             &amp#27;[90m# src/test/resources/features/DiferentesPreenvios.feature:23&amp#27;[0m
Ingrasando Datos Personales
  &amp#27;[32mGiven &amp#27;[0m&amp#27;[32mUsuario frecuente ingresa a tus recogidas&amp#27;[0m &amp#27;[90m# com.Inter.AdminRecogidas.definitions.AdminformularioDefinitions.IngresoRecogidas()&amp#27;[0m
  &amp#27;[32mWhen &amp#27;[0m&amp#27;[32mIngreso datos de preenvio con convenio&amp#27;[0m     &amp#27;[90m# com.Inter.AdminRecogidas.definitions.AdminformularioDefinitions.PreenvioConvenio()&amp#27;[0m
Numero de preenvio: 250000001037
Se creo la Data
Cliente con Numero de Cedula: 1024567308 crea un preenvio exitosamente
  &amp#27;[32mThen &amp#27;[0m&amp#27;[32mEl preenvio se crea exitosamente&amp#27;[0m           &amp#27;[90m# com.Inter.AdminRecogidas.definitions.AdminformularioDefinitions.FormularioPreenvio()&amp#27;[0m
]]></system-out>
    <system-err><![CDATA[[main] INFO io.cucumber.core.plugin.SerenityReporter - Running feature from file:///C:/Users/esneyderfromero/Desktop/Proyectos%20de%20automatizacion/Admin%20Recogidas/src/test/resources/features/DiferentesPreenvios.feature
[main] WARN io.cucumber.core.plugin.SerenityReporter - Feature from file:///C:/Users/esneyderfromero/Desktop/Proyectos%20de%20automatizacion/Admin%20Recogidas/src/test/resources/features/DiferentesPreenvios.feature is not under the 'features' directory. Requirements report will not be correctly generated!
[main] INFO  - 
  _____   ___   ___   _____     ___   _____     _     ___   _____   ___   ___  
 |_   _| | __| / __| |_   _|   / __| |_   _|   /_\   | _ \ |_   _| | __| |   \ 
   | |   | _|  \__ \   | |     \__ \   | |    / _ \  |   /   | |   | _|  | |) |
   |_|   |___| |___/   |_|     |___/   |_|   /_/ \_\ |_|_\   |_|   |___| |___/ 

Crear preenvio con convenio(usuario-crea-prenvios-diferentes-modos-de-pago;crear-preenvio-con-convenio)
--------------------------------------------------------------------------------
[main] INFO net.serenitybdd.core.webdriver.driverproviders.ChromeDriverProvider - Using automatically driver download
[main] INFO io.github.bonigarcia.wdm.WebDriverManager - Using chromedriver 107.0.5304.62 (resolved driver for Chrome 107)
[main] INFO io.github.bonigarcia.wdm.WebDriverManager - Exporting webdriver.chrome.driver as C:\Users\esneyderfromero\.cache\selenium\chromedriver\win32\107.0.5304.62\chromedriver.exe
[main] INFO net.serenitybdd.core.webdriver.driverproviders.ProvideNewDriver - Instantiating driver
[main] INFO net.serenitybdd.core.webdriver.driverproviders.ProvideNewDriver - Driver capabilities: Capabilities {Url: https://recogidasencasadesa..., acceptInsecureCerts: false, base.url: , browserName: chrome, chrome.driver: src/test/resources/driver/c..., driver: chrome, firefox.driver: src/test/resources/driver/g..., goog:chromeOptions: {args: [--start-maximized], extensions: []}, ie.driver: src/test/resources/driver/I..., loggingPrefs: org.openqa.selenium.logging..., timeouts.implicitlywait: 30000}
Starting ChromeDriver 107.0.5304.62 (1eec40d3a5764881c92085aaee66d25075c159aa-refs/branch-heads/5304@{#942}) on port 18710
Only local connections are allowed.
Please see https://chromedriver.chromium.org/security-considerations for suggestions on keeping ChromeDriver safe.
ChromeDriver was started successfully.
nov 24, 2022 1:07:41 AM org.openqa.selenium.remote.ProtocolHandshake createSession
INFORMACIÓN: Detected dialect: W3C
[main] INFO  - 
  _____   ___   ___   _____     ___     _     ___   ___   ___   ___  
 |_   _| | __| / __| |_   _|   | _ \   /_\   / __| / __| | __| |   \ 
   | |   | _|  \__ \   | |     |  _/  / _ \  \__ \ \__ \ | _|  | |) |
   |_|   |___| |___/   |_|     |_|   /_/ \_\ |___/ |___/ |___| |___/ 

Crear preenvio con convenio
----------------------------------------------------------------------
]]></system-err>
  </testcase>
</testsuite>